2023-06-11 13:04:29 DEBUG :85 - (10) : Jane --> Isaac --> Hannah --> George --> Fiona --> Emily --> David --> Charlie --> Bob --> Alice --> 
2023-06-11 13:04:29 DEBUG :86 - (9) : Alice Bob --> Alice Charlie --> Bob David --> Bob Emily --> Charlie Fiona --> Charlie George --> Charlie Hannah --> David Isaac --> David Jane --> 
2023-06-11 13:04:29 INFO  :48 - Se agrego el nodo Padre: Alice
2023-06-11 13:04:29 INFO  :53 - Se agrego el hijo: Alice Bob
2023-06-11 13:04:29 INFO  :53 - Se agrego el hijo: Alice Charlie
2023-06-11 13:04:29 INFO  :53 - Se agrego el hijo: Bob David
2023-06-11 13:04:29 INFO  :53 - Se agrego el hijo: Bob Emily
2023-06-11 13:04:29 INFO  :53 - Se agrego el hijo: Charlie Fiona
2023-06-11 13:04:29 INFO  :53 - Se agrego el hijo: Charlie George
2023-06-11 13:04:29 INFO  :53 - Se agrego el hijo: Charlie Hannah
2023-06-11 13:04:29 INFO  :53 - Se agrego el hijo: David Isaac
2023-06-11 13:04:29 INFO  :53 - Se agrego el hijo: David Jane
2023-06-11 13:12:39 DEBUG :95 - (10) : Jane --> Isaac --> Hannah --> George --> Fiona --> Emily --> David --> Charlie --> Bob --> Alice --> 
2023-06-11 13:12:39 DEBUG :96 - (9) : Alice Bob --> Alice Charlie --> Bob David --> Bob Emily --> Charlie Fiona --> Charlie George --> Charlie Hannah --> David Isaac --> David Jane --> 
2023-06-11 13:12:54 DEBUG :95 - (10) : Jane --> Isaac --> Hannah --> George --> Fiona --> Emily --> David --> Charlie --> Bob --> Alice --> 
2023-06-11 13:12:54 DEBUG :96 - (9) : Alice Bob --> Alice Charlie --> Bob David --> Bob Emily --> Charlie Fiona --> Charlie George --> Charlie Hannah --> David Isaac --> David Jane --> 
2023-06-11 13:13:07 DEBUG :96 - (10) : Jane --> Isaac --> Hannah --> George --> Fiona --> Emily --> David --> Charlie --> Bob --> Alice --> 
2023-06-11 13:13:07 DEBUG :97 - (9) : Alice Bob --> Alice Charlie --> Bob David --> Bob Emily --> Charlie Fiona --> Charlie George --> Charlie Hannah --> David Isaac --> David Jane --> 
2023-06-11 14:50:20 DEBUG :95 - (10) : Jane --> Isaac --> Hannah --> George --> Fiona --> Emily --> David --> Charlie --> Bob --> Alice --> 
2023-06-11 14:50:20 DEBUG :96 - (9) : Alice Bob --> Alice Charlie --> Bob David --> Bob Emily --> Charlie Fiona --> Charlie George --> Charlie Hannah --> David Isaac --> David Jane --> 
